2026-06-13 15:36:44,065 [MainProcess:MainThread] INFO currency_aggregator.storage: cid=FX-USD-EUR сохранена запись USD/EUR avg=0.864514 std=0.008647 source=frankfurter
2026-06-13 15:36:44,967 [MainProcess:MainThread] INFO currency_aggregator.storage: cid=FX-USD-GBP сохранена запись USD/GBP avg=0.746135 std=0.007457 source=frankfurter
2026-06-13 15:36:45,731 [MainProcess:MainThread] INFO currency_aggregator.storage: cid=FX-USD-JPY сохранена запись USD/JPY avg=160.202089 std=1.602863 source=frankfurter
2026-06-13 15:36:46,517 [MainProcess:MainThread] INFO currency_aggregator.storage: cid=FX-USD-CHF сохранена запись USD/CHF avg=0.796833 std=0.007972 source=frankfurter
2026-06-13 15:36:47,326 [MainProcess:MainThread] INFO currency_aggregator.storage: cid=FX-EUR-USD сохранена запись EUR/USD avg=1.156704 std=0.011580 source=frankfurter
2026-06-13 15:36:48,101 [MainProcess:MainThread] INFO currency_aggregator.storage: cid=FX-EUR-GBP сохранена запись EUR/GBP avg=0.863058 std=0.008659 source=frankfurter
2026-06-13 15:36:48,881 [MainProcess:MainThread] INFO currency_aggregator.storage: cid=FX-EUR-JPY сохранена запись EUR/JPY avg=185.304499 std=1.853104 source=frankfurter
2026-06-13 15:36:49,648 [MainProcess:MainThread] INFO currency_aggregator.storage: cid=FX-EUR-CHF сохранена запись EUR/CHF avg=0.921695 std=0.009216 source=frankfurter
2026-06-13 15:36:50,432 [MainProcess:MainThread] INFO currency_aggregator.storage: cid=FX-GBP-USD сохранена запись GBP/USD avg=1.340231 std=0.013394 source=frankfurter
2026-06-13 15:36:51,231 [MainProcess:MainThread] INFO currency_aggregator.storage: cid=FX-GBP-EUR сохранена запись GBP/EUR avg=1.158682 std=0.011599 source=frankfurter
2026-06-13 15:36:51,994 [MainProcess:MainThread] INFO currency_aggregator.storage: cid=FX-GBP-JPY сохранена запись GBP/JPY avg=214.701533 std=2.144894 source=frankfurter
2026-06-13 15:36:52,842 [MainProcess:MainThread] INFO currency_aggregator.storage: cid=FX-GBP-CHF сохранена запись GBP/CHF avg=1.067996 std=0.010688 source=frankfurter
2026-06-13 15:36:53,613 [MainProcess:MainThread] INFO currency_aggregator.storage: cid=FX-JPY-USD сохранена запись JPY/USD avg=0.006240 std=0.000062 source=frankfurter
2026-06-13 15:36:54,411 [MainProcess:MainThread] INFO currency_aggregator.storage: cid=FX-JPY-EUR сохранена запись JPY/EUR avg=0.005400 std=0.000054 source=frankfurter
2026-06-13 15:36:55,180 [MainProcess:MainThread] INFO currency_aggregator.storage: cid=FX-JPY-GBP сохранена запись JPY/GBP avg=0.004660 std=0.000046 source=frankfurter
2026-06-13 15:36:55,995 [MainProcess:MainThread] INFO currency_aggregator.storage: cid=FX-JPY-CHF сохранена запись JPY/CHF avg=0.004970 std=0.000050 source=frankfurter
2026-06-13 15:36:56,797 [MainProcess:MainThread] INFO currency_aggregator.storage: cid=FX-CHF-USD сохранена запись CHF/USD avg=1.254996 std=0.012525 source=frankfurter
2026-06-13 15:36:57,580 [MainProcess:MainThread] INFO currency_aggregator.storage: cid=FX-CHF-EUR сохранена запись CHF/EUR avg=1.084995 std=0.010874 source=frankfurter
2026-06-13 15:36:58,428 [MainProcess:MainThread] INFO currency_aggregator.storage: cid=FX-CHF-GBP сохранена запись CHF/GBP avg=0.936365 std=0.009369 source=frankfurter
2026-06-13 15:36:59,212 [MainProcess:MainThread] INFO currency_aggregator.storage: cid=FX-CHF-JPY сохранена запись CHF/JPY avg=201.039343 std=2.006800 source=frankfurter
2026-06-13 15:36:59,909 [MainProcess:MainThread] INFO currency_aggregator.storage: cid=BN-BTCUSDT сохранена запись BTCUSDT avg=64001.152613 std=639.891458 source=binance
2026-06-13 15:37:00,545 [MainProcess:MainThread] INFO currency_aggregator.storage: cid=BN-ETHUSDT сохранена запись ETHUSDT avg=1678.345964 std=16.786089 source=binance
2026-06-13 15:37:01,163 [MainProcess:MainThread] INFO currency_aggregator.storage: cid=BN-BNBUSDT сохранена запись BNBUSDT avg=607.418401 std=6.067922 source=binance
2026-06-13 15:37:01,798 [MainProcess:MainThread] INFO currency_aggregator.storage: cid=BN-SOLUSDT сохранена запись SOLUSDT avg=67.830203 std=0.677996 source=binance
2026-06-13 15:37:02,462 [MainProcess:MainThread] INFO currency_aggregator.storage: cid=BN-XRPUSDT сохранена запись XRPUSDT avg=1.150417 std=0.011524 source=binance
2026-06-13 15:37:03,110 [MainProcess:MainThread] INFO currency_aggregator.storage: cid=BN-ADAUSDT сохранена запись ADAUSDT avg=0.173401 std=0.001732 source=binance
2026-06-13 15:37:03,747 [MainProcess:MainThread] INFO currency_aggregator.storage: cid=BN-DOGEUSDT сохранена запись DOGEUSDT avg=0.088040 std=0.000881 source=binance
2026-06-13 15:37:04,365 [MainProcess:MainThread] INFO currency_aggregator.storage: cid=BN-AVAXUSDT сохранена запись AVAXUSDT avg=6.667000 std=0.066544 source=binance
2026-06-13 15:37:05,013 [MainProcess:MainThread] INFO currency_aggregator.storage: cid=BN-DOTUSDT сохранена запись DOTUSDT avg=0.986995 std=0.009863 source=binance
2026-06-13 15:37:05,659 [MainProcess:MainThread] INFO currency_aggregator.storage: cid=BN-LINKUSDT сохранена запись LINKUSDT avg=7.993951 std=0.079925 source=binance
2026-06-13 15:37:05,942 [MainProcess:MainThread] INFO currency_aggregator.storage: cid=MOCK-AUD-USD сохранена запись AUD/USD avg=35.366323 std=0.353142 source=mock
2026-06-13 15:37:06,368 [MainProcess:MainThread] INFO currency_aggregator.storage: cid=MOCK-CAD-USD сохранена запись CAD/USD avg=6.927459 std=0.069338 source=mock
2026-06-13 15:37:06,811 [MainProcess:MainThread] INFO currency_aggregator.storage: cid=MOCK-NZD-USD сохранена запись NZD/USD avg=149.122372 std=1.490531 source=mock
2026-06-13 15:37:07,066 [MainProcess:MainThread] INFO currency_aggregator.storage: cid=MOCK-SEK-USD сохранена запись SEK/USD avg=91.966343 std=0.919289 source=mock
2026-06-13 15:37:07,346 [MainProcess:MainThread] INFO currency_aggregator.storage: cid=MOCK-NOK-USD сохранена запись NOK/USD avg=148.002343 std=1.480983 source=mock
2026-06-13 15:37:07,729 [MainProcess:MainThread] INFO currency_aggregator.storage: cid=MOCK-MXN-USD сохранена запись MXN/USD avg=102.339399 std=1.023772 source=mock
2026-06-13 15:37:08,182 [MainProcess:MainThread] INFO currency_aggregator.storage: cid=MOCK-SGD-USD сохранена запись SGD/USD avg=91.118813 std=0.911002 source=mock
2026-06-13 15:37:08,434 [MainProcess:MainThread] INFO currency_aggregator.storage: cid=MOCK-HKD-USD сохранена запись HKD/USD avg=121.399001 std=1.214476 source=mock
2026-06-13 15:37:08,763 [MainProcess:MainThread] INFO currency_aggregator.storage: cid=MOCK-ZAR-USD сохранена запись ZAR/USD avg=90.681003 std=0.905600 source=mock
2026-06-13 15:37:08,930 [MainProcess:MainThread] INFO currency_aggregator.storage: cid=MOCK-TRY-USD сохранена запись TRY/USD avg=103.725051 std=1.038285 source=mock
2026-06-13 15:37:09,392 [MainProcess:MainThread] INFO currency_aggregator.storage: cid=MOCK-PLN-USD сохранена запись PLN/USD avg=128.379840 std=1.283687 source=mock
2026-06-13 15:37:09,581 [MainProcess:MainThread] INFO currency_aggregator.storage: cid=MOCK-DKK-USD сохранена запись DKK/USD avg=22.257281 std=0.222603 source=mock
2026-06-13 15:37:09,922 [MainProcess:MainThread] INFO currency_aggregator.storage: cid=MOCK-ILS-USD сохранена запись ILS/USD avg=93.990459 std=0.938942 source=mock
2026-06-13 15:37:10,423 [MainProcess:MainThread] INFO currency_aggregator.storage: cid=MOCK-KRW-USD сохранена запись KRW/USD avg=134.065576 std=1.340530 source=mock
2026-06-13 15:37:10,810 [MainProcess:MainThread] INFO currency_aggregator.storage: cid=MOCK-THB-USD сохранена запись THB/USD avg=82.648870 std=0.826949 source=mock
2026-06-13 15:37:11,279 [MainProcess:MainThread] INFO currency_aggregator.storage: cid=MOCK-CZK-USD сохранена запись CZK/USD avg=6.183939 std=0.061756 source=mock
2026-06-13 15:37:11,462 [MainProcess:MainThread] INFO currency_aggregator.storage: cid=MOCK-HUF-USD сохранена запись HUF/USD avg=128.150027 std=1.283321 source=mock
2026-06-13 15:37:11,790 [MainProcess:MainThread] INFO currency_aggregator.storage: cid=MOCK-RON-USD сохранена запись RON/USD avg=89.708910 std=0.897551 source=mock
2026-06-13 15:37:11,945 [MainProcess:MainThread] INFO currency_aggregator.storage: cid=MOCK-BRL-USD сохранена запись BRL/USD avg=14.657172 std=0.146385 source=mock
2026-06-13 15:37:12,283 [MainProcess:MainThread] INFO currency_aggregator.storage: cid=MOCK-INR-USD сохранена запись INR/USD avg=34.102224 std=0.340605 source=mock
2026-06-13 15:37:12,283 [MainProcess:MainThread] INFO currency_aggregator.benchmark: Последовательный эталон выполнен за 29.14 сек (50 запросов)
